[2025-12-27 03:12:10] [INFO    ] discord.client: logging in using static token
[2025-12-27 03:12:11] [INFO    ] discord.gateway: Shard ID None has connected to Gateway (Session ID: 8fc5539480bd6d85e85ac0c4973d7983).
[2025-12-27 03:12:26] [ERROR   ] discord.client: Ignoring exception in on_message
Traceback (most recent call last):
  File "/root/dev/wordle_Bot/venv/lib/python3.11/site-packages/sqlalchemy/sql/sqltypes.py", line 1709, in _object_value_for_elem
    return self._object_lookup[elem]  # type: ignore[return-value]
           ~~~~~~~~~~~~~~~~~~~^^^^^^
KeyError: 'en'

The above exception was the direct cause of the following exception:

Traceback (most recent call last):
  File "/root/dev/wordle_Bot/venv/lib/python3.11/site-packages/discord/client.py", line 504, in _run_event
    await coro(*args, **kwargs)
  File "/root/dev/wordle_Bot/main.py", line 82, in on_message
    await analyze_answer(message)
  File "/root/dev/wordle_Bot/main.py", line 32, in analyze_answer
    word = get_word_today()
           ^^^^^^^^^^^^^^^^
  File "/root/dev/wordle_Bot/database.py", line 69, in get_word_today
    if word.word.language == language:
       ^^^^^^^^^
  File "/root/dev/wordle_Bot/venv/lib/python3.11/site-packages/sqlalchemy/orm/attributes.py", line 569, in __get__
    return self.impl.get(state, dict_)  # type: ignore[no-any-return]
           ^^^^^^^^^^^^^^^^^^^^^^^^^^^
  File "/root/dev/wordle_Bot/venv/lib/python3.11/site-packages/sqlalchemy/orm/attributes.py", line 1096, in get
    value = self._fire_loader_callables(state, key, passive)
            ^^^^^^^^^^^^^^^^^^^^^^^^^^^^^^^^^^^^^^^^^^^^^^^^
  File "/root/dev/wordle_Bot/venv/lib/python3.11/site-packages/sqlalchemy/orm/attributes.py", line 1131, in _fire_loader_callables
    return self.callable_(state, passive)
           ^^^^^^^^^^^^^^^^^^^^^^^^^^^^^^
  File "/root/dev/wordle_Bot/venv/lib/python3.11/site-packages/sqlalchemy/orm/strategies.py", line 978, in _load_for_state
    return self._emit_lazyload(
           ^^^^^^^^^^^^^^^^^^^^
  File "/root/dev/wordle_Bot/venv/lib/python3.11/site-packages/sqlalchemy/orm/strategies.py", line 1079, in _emit_lazyload
    return loading.load_on_pk_identity(
           ^^^^^^^^^^^^^^^^^^^^^^^^^^^^
  File "/root/dev/wordle_Bot/venv/lib/python3.11/site-packages/sqlalchemy/orm/loading.py", line 706, in load_on_pk_identity
    return result.one()
           ^^^^^^^^^^^^
  File "/root/dev/wordle_Bot/venv/lib/python3.11/site-packages/sqlalchemy/engine/result.py", line 1815, in one
    return self._only_one_row(
           ^^^^^^^^^^^^^^^^^^^
  File "/root/dev/wordle_Bot/venv/lib/python3.11/site-packages/sqlalchemy/engine/result.py", line 757, in _only_one_row
    row: Optional[_InterimRowType[Any]] = onerow(hard_close=True)
                                          ^^^^^^^^^^^^^^^^^^^^^^^
  File "/root/dev/wordle_Bot/venv/lib/python3.11/site-packages/sqlalchemy/engine/result.py", line 1678, in _fetchone_impl
    return self._real_result._fetchone_impl(hard_close=hard_close)
           ^^^^^^^^^^^^^^^^^^^^^^^^^^^^^^^^^^^^^^^^^^^^^^^^^^^^^^^
  File "/root/dev/wordle_Bot/venv/lib/python3.11/site-packages/sqlalchemy/engine/result.py", line 2264, in _fetchone_impl
    row = next(self.iterator, _NO_ROW)
          ^^^^^^^^^^^^^^^^^^^^^^^^^^^^
  File "/root/dev/wordle_Bot/venv/lib/python3.11/site-packages/sqlalchemy/orm/loading.py", line 220, in chunks
    fetch = cursor._raw_all_rows()
            ^^^^^^^^^^^^^^^^^^^^^^
  File "/root/dev/wordle_Bot/venv/lib/python3.11/site-packages/sqlalchemy/engine/result.py", line 541, in _raw_all_rows
    return [make_row(row) for row in rows]
           ^^^^^^^^^^^^^^^^^^^^^^^^^^^^^^^
  File "/root/dev/wordle_Bot/venv/lib/python3.11/site-packages/sqlalchemy/engine/result.py", line 541, in <listcomp>
    return [make_row(row) for row in rows]
            ^^^^^^^^^^^^^
  File "lib/sqlalchemy/cyextension/resultproxy.pyx", line 22, in sqlalchemy.cyextension.resultproxy.BaseRow.__init__
  File "lib/sqlalchemy/cyextension/resultproxy.pyx", line 79, in sqlalchemy.cyextension.resultproxy._apply_processors
  File "/root/dev/wordle_Bot/venv/lib/python3.11/site-packages/sqlalchemy/sql/sqltypes.py", line 1829, in process
    value = self._object_value_for_elem(value)
            ^^^^^^^^^^^^^^^^^^^^^^^^^^^^^^^^^^
  File "/root/dev/wordle_Bot/venv/lib/python3.11/site-packages/sqlalchemy/sql/sqltypes.py", line 1711, in _object_value_for_elem
    raise LookupError(
LookupError: 'en' is not among the defined enum values. Enum name: languages. Possible values: EN
